#
# A fatal error has been detected by the Java Runtime Environment:
#
#  EXCEPTION_ACCESS_VIOLATION (0xc0000005) at pc=0x62ab3d53, pid=5984, tid=0x0000285c
#
# JRE version: Java(TM) SE Runtime Environment (8.0_271-b09) (build 1.8.0_271-b09)
# Java VM: Java HotSpot(TM) Client VM (25.271-b09 mixed mode windows-x86 )
# Problematic frame:
# C  0x62ab3d53
#
# Failed to write core dump. Minidumps are not enabled by default on client versions of Windows
#
# If you would like to submit a bug report, please visit:
#   http://bugreport.java.com/bugreport/crash.jsp
# The crash happened outside the Java Virtual Machine in native code.
# See problematic frame for where to report the bug.
#

---------------  T H R E A D  ---------------

Current thread (0x1595c000):  JavaThread "AWT-Windows" daemon [_thread_in_native, id=10332, stack(0x15cb0000,0x15d00000)]

siginfo: ExceptionCode=0xc0000005, reading address 0x0000000c

Registers:
EAX=0x00000000, EBX=0x1958dd80, ECX=0x1a3f2e20, EDX=0x15cfeda0
ESP=0x15cfed78, EBP=0x15cfedac, ESI=0x00000000, EDI=0x1958dd80
EIP=0x62ab3d53, EFLAGS=0x00010246

Top of Stack: (sp=0x15cfed78)
0x15cfed78:   1a3f2e20 15cfeda0 1958dd80 00000000
0x15cfed88:   1a3f2e20 62abd714 1957d008 1958dd80
0x15cfed98:   62abd6a0 00000e65 00000000 62abd840
0x15cfeda8:   15cfef28 15cfef28 62ab353c 1a3f2e20
0x15cfedb8:   62aae100 62aa1254 012d99a8 00000000
0x15cfedc8:   00000000 62aa8a18 15cfedc8 00000004
0x15cfedd8:   00000000 15cff020 012d99cc 1958de84
0x15cfede8:   1a3f2e20 15cff074 15cff064 00000e65 

Instructions: (pc=0x62ab3d53)
0x62ab3d33:   4d 04 56 68 28 54 aa 62 e8 5b 88 ff ff e9 cf 00
0x62ab3d43:   00 00 8b 4d 08 8d 55 f4 83 65 f4 00 52 51 8b 01
0x62ab3d53:   8b 70 0c 8b ce ff 15 e8 58 ae 62 ff d6 8b f0 85
0x62ab3d63:   f6 79 07 ba ae 09 00 00 eb c5 8d bb fc 00 00 00 


Register to memory mapping:

EAX=0x00000000 is an unknown value
EBX=0x1958dd80 is an unknown value
ECX=0x1a3f2e20 is an unknown value
EDX=0x15cfeda0 is pointing into the stack for thread: 0x1595c000
ESP=0x15cfed78 is pointing into the stack for thread: 0x1595c000
EBP=0x15cfedac is pointing into the stack for thread: 0x1595c000
ESI=0x00000000 is an unknown value
EDI=0x1958dd80 is an unknown value


Stack: [0x15cb0000,0x15d00000],  sp=0x15cfed78,  free space=315k
Native frames: (J=compiled Java code, j=interpreted, Vv=VM code, C=native code)
C  0x62ab3d53
C  0x62ab353c
C  0x62ab4169
C  0x62aae134
C  [MSCTF.dll+0xaeaa4]
C  [MSCTF.dll+0xa9d8a]
C  [MSCTF.dll+0xad0db]
C  [MSCTF.dll+0x9830f]
C  [MSCTF.dll+0x3c514]
C  [MSCTF.dll+0x98a51]
C  [MSCTF.dll+0xad8d6]
C  [MSCTF.dll+0xa9c82]
C  [MSCTF.dll+0x24c71]
C  [MSCTF.dll+0x248af]
C  [MSCTF.dll+0x5049b]
C  [MSCTF.dll+0x26eb8]
C  [MSCTF.dll+0x26c25]
C  [MSCTF.dll+0x26bb1]
C  [MSCTF.dll+0x268a1]
C  [MSCTF.dll+0x2502d]
C  [MSCTF.dll+0xb08c7]
C  [MSCTF.dll+0xad01f]
C  [MSCTF.dll+0x9830f]
C  [MSCTF.dll+0x3c53d]
C  [MSCTF.dll+0x74452]
C  [USER32.dll+0x4471b]
C  [USER32.dll+0x2525c]
C  [USER32.dll+0x243ae]
C  [USER32.dll+0x24190]
C  [awt.dll+0xa9632]

Java frames: (J=compiled Java code, j=interpreted, Vv=VM code)
j  sun.awt.windows.WToolkit.eventLoop()V+0
j  sun.awt.windows.WToolkit.run()V+58
j  java.lang.Thread.run()V+11
v  ~StubRoutines::call_stub

---------------  P R O C E S S  ---------------

Java Threads: ( => current thread )
  0x19bbdc00 JavaThread "TimerQueue" daemon [_thread_blocked, id=2756, stack(0x1b130000,0x1b180000)]
  0x19879400 JavaThread "Swing-Shell" daemon [_thread_blocked, id=7692, stack(0x1a980000,0x1a9d0000)]
  0x011d2000 JavaThread "DestroyJavaVM" [_thread_blocked, id=2724, stack(0x02ac0000,0x02b10000)]
  0x15d7f800 JavaThread "AWT-EventQueue-0" [_thread_blocked, id=2628, stack(0x16f70000,0x16fc0000)]
=>0x1595c000 JavaThread "AWT-Windows" daemon [_thread_in_native, id=10332, stack(0x15cb0000,0x15d00000)]
  0x15958c00 JavaThread "AWT-Shutdown" [_thread_blocked, id=5476, stack(0x15be0000,0x15c30000)]
  0x15955800 JavaThread "Java2D Disposer" daemon [_thread_blocked, id=12052, stack(0x15b50000,0x15ba0000)]
  0x153ee400 JavaThread "Service Thread" daemon [_thread_blocked, id=15580, stack(0x15680000,0x156d0000)]
  0x15399000 JavaThread "C1 CompilerThread0" daemon [_thread_blocked, id=14960, stack(0x155f0000,0x15640000)]
  0x15397c00 JavaThread "Attach Listener" daemon [_thread_blocked, id=8996, stack(0x15560000,0x155b0000)]
  0x15396400 JavaThread "Signal Dispatcher" daemon [_thread_blocked, id=10388, stack(0x154d0000,0x15520000)]
  0x0129cc00 JavaThread "Finalizer" daemon [_thread_blocked, id=16320, stack(0x152b0000,0x15300000)]
  0x01287c00 JavaThread "Reference Handler" daemon [_thread_blocked, id=364, stack(0x15220000,0x15270000)]

Other Threads:
  0x01282400 VMThread [stack: 0x15190000,0x151e0000] [id=16188]
  0x153f8400 WatcherThread [stack: 0x15710000,0x15760000] [id=12596]

VM state:not at safepoint (normal execution)

VM Mutex/Monitor currently owned by a thread: None

Heap:
 def new generation   total 78656K, used 71240K [0x04c00000, 0x0a150000, 0x0a150000)
  eden space 69952K,  99% used [0x04c00000, 0x09037ae8, 0x09050000)
  from space 8704K,  15% used [0x098d0000, 0x09a2a7e0, 0x0a150000)
  to   space 8704K,   0% used [0x09050000, 0x09050000, 0x098d0000)
 tenured generation   total 174784K, used 129628K [0x0a150000, 0x14c00000, 0x14c00000)
   the space 174784K,  74% used [0x0a150000, 0x11fe7198, 0x11fe7200, 0x14c00000)
 Metaspace       used 30008K, capacity 31133K, committed 31232K, reserved 32128K

Card table byte_map: [0x14c00000,0x14c90000] byte_map_base: 0x14bda000

Polling page: 0x01040000

CodeCache: size=32768Kb used=7705Kb max_used=8506Kb free=25063Kb
 bounds [0x02b50000, 0x033b0000, 0x04b50000]
 total_blobs=3876 nmethods=3570 adapters=234
 compilation: enabled

Compilation events (10 events):
Event: 507.591 Thread 0x15399000 6441  s          sun.java2d.loops.RenderCache::get (100 bytes)
Event: 507.591 Thread 0x15399000 nmethod 6441 0x02df0bc8 code [0x02df0cf0, 0x02df10cc]
Event: 507.610 Thread 0x15399000 6442             javax.swing.text.JTextComponent::getDocument (5 bytes)
Event: 507.610 Thread 0x15399000 nmethod 6442 0x02de9a88 code [0x02de9b80, 0x02de9c00]
Event: 507.611 Thread 0x15399000 6443             java.util.EventObject::<init> (24 bytes)
Event: 507.611 Thread 0x15399000 nmethod 6443 0x02de9808 code [0x02de9910, 0x02de9a0c]
Event: 507.613 Thread 0x15399000 6444             sun.util.locale.LocaleUtils::toLower (17 bytes)
Event: 507.613 Thread 0x15399000 nmethod 6444 0x02de9608 code [0x02de9700, 0x02de97b0]
Event: 507.627 Thread 0x15399000 6445             java.awt.geom.RoundRectIterator::currentSegment (144 bytes)
Event: 507.627 Thread 0x15399000 nmethod 6445 0x02df0448 code [0x02df0580, 0x02df0878]

GC Heap History (10 events):
Event: 220.830 GC heap before
{Heap before GC invocations=121 (full 13):
 def new generation   total 78656K, used 78656K [0x04c00000, 0x0a150000, 0x0a150000)
  eden space 69952K, 100% used [0x04c00000, 0x09050000, 0x09050000)
  from space 8704K, 100% used [0x09050000, 0x098d0000, 0x098d0000)
  to   space 8704K,   0% used [0x098d0000, 0x098d0000, 0x0a150000)
 tenured generation   total 174784K, used 137460K [0x0a150000, 0x14c00000, 0x14c00000)
   the space 174784K,  78% used [0x0a150000, 0x1278d3d0, 0x1278d400, 0x14c00000)
 Metaspace       used 29880K, capacity 31000K, committed 31104K, reserved 31104K
Event: 220.851 GC heap after
Heap after GC invocations=122 (full 13):
 def new generation   total 78656K, used 8704K [0x04c00000, 0x0a150000, 0x0a150000)
  eden space 69952K,   0% used [0x04c00000, 0x04c00000, 0x09050000)
  from space 8704K, 100% used [0x098d0000, 0x0a150000, 0x0a150000)
  to   space 8704K,   0% used [0x09050000, 0x09050000, 0x098d0000)
 tenured generation   total 174784K, used 150948K [0x0a150000, 0x14c00000, 0x14c00000)
   the space 174784K,  86% used [0x0a150000, 0x134b93a0, 0x134b9400, 0x14c00000)
 Metaspace       used 29880K, capacity 31000K, committed 31104K, reserved 31104K
}
Event: 221.068 GC heap before
{Heap before GC invocations=122 (full 13):
 def new generation   total 78656K, used 78656K [0x04c00000, 0x0a150000, 0x0a150000)
  eden space 69952K, 100% used [0x04c00000, 0x09050000, 0x09050000)
  from space 8704K, 100% used [0x098d0000, 0x0a150000, 0x0a150000)
  to   space 8704K,   0% used [0x09050000, 0x09050000, 0x098d0000)
 tenured generation   total 174784K, used 150948K [0x0a150000, 0x14c00000, 0x14c00000)
   the space 174784K,  86% used [0x0a150000, 0x134b93a0, 0x134b9400, 0x14c00000)
 Metaspace       used 29921K, capacity 31032K, committed 31104K, reserved 31104K
Event: 221.221 GC heap after
Heap after GC invocations=123 (full 14):
 def new generation   total 78656K, used 0K [0x04c00000, 0x0a150000, 0x0a150000)
  eden space 69952K,   0% used [0x04c00000, 0x04c00000, 0x09050000)
  from space 8704K,   0% used [0x098d0000, 0x098d0000, 0x0a150000)
  to   space 8704K,   0% used [0x09050000, 0x09050000, 0x098d0000)
 tenured generation   total 174784K, used 141502K [0x0a150000, 0x14c00000, 0x14c00000)
   the space 174784K,  80% used [0x0a150000, 0x12b7fb18, 0x12b7fc00, 0x14c00000)
 Metaspace       used 29921K, capacity 31032K, committed 31104K, reserved 31104K
}
Event: 221.397 GC heap before
{Heap before GC invocations=123 (full 14):
 def new generation   total 78656K, used 69952K [0x04c00000, 0x0a150000, 0x0a150000)
  eden space 69952K, 100% used [0x04c00000, 0x09050000, 0x09050000)
  from space 8704K,   0% used [0x098d0000, 0x098d0000, 0x0a150000)
  to   space 8704K,   0% used [0x09050000, 0x09050000, 0x098d0000)
 tenured generation   total 174784K, used 141502K [0x0a150000, 0x14c00000, 0x14c00000)
   the space 174784K,  80% used [0x0a150000, 0x12b7fb18, 0x12b7fc00, 0x14c00000)
 Metaspace       used 29958K, capacity 31064K, committed 31232K, reserved 32128K
Event: 221.428 GC heap after
Heap after GC invocations=124 (full 14):
 def new generation   total 78656K, used 8704K [0x04c00000, 0x0a150000, 0x0a150000)
  eden space 69952K,   0% used [0x04c00000, 0x04c00000, 0x09050000)
  from space 8704K, 100% used [0x09050000, 0x098d0000, 0x098d0000)
  to   space 8704K,   0% used [0x098d0000, 0x098d0000, 0x0a150000)
 tenured generation   total 174784K, used 157139K [0x0a150000, 0x14c00000, 0x14c00000)
   the space 174784K,  89% used [0x0a150000, 0x13ac4f10, 0x13ac5000, 0x14c00000)
 Metaspace       used 29958K, capacity 31064K, committed 31232K, reserved 32128K
}
Event: 272.420 GC heap before
{Heap before GC invocations=124 (full 14):
 def new generation   total 78656K, used 78656K [0x04c00000, 0x0a150000, 0x0a150000)
  eden space 69952K, 100% used [0x04c00000, 0x09050000, 0x09050000)
  from space 8704K, 100% used [0x09050000, 0x098d0000, 0x098d0000)
  to   space 8704K,   0% used [0x098d0000, 0x098d0000, 0x0a150000)
 tenured generation   total 174784K, used 157139K [0x0a150000, 0x14c00000, 0x14c00000)
   the space 174784K,  89% used [0x0a150000, 0x13ac4f10, 0x13ac5000, 0x14c00000)
 Metaspace       used 29979K, capacity 31096K, committed 31232K, reserved 32128K
Event: 272.565 GC heap after
Heap after GC invocations=125 (full 15):
 def new generation   total 78656K, used 0K [0x04c00000, 0x0a150000, 0x0a150000)
  eden space 69952K,   0% used [0x04c00000, 0x04c00000, 0x09050000)
  from space 8704K,   0% used [0x09050000, 0x09050000, 0x098d0000)
  to   space 8704K,   0% used [0x098d0000, 0x098d0000, 0x0a150000)
 tenured generation   total 174784K, used 129628K [0x0a150000, 0x14c00000, 0x14c00000)
   the space 174784K,  74% used [0x0a150000, 0x11fe7198, 0x11fe7200, 0x14c00000)
 Metaspace       used 29979K, capacity 31096K, committed 31232K, reserved 32128K
}
Event: 308.559 GC heap before
{Heap before GC invocations=125 (full 15):
 def new generation   total 78656K, used 69952K [0x04c00000, 0x0a150000, 0x0a150000)
  eden space 69952K, 100% used [0x04c00000, 0x09050000, 0x09050000)
  from space 8704K,   0% used [0x09050000, 0x09050000, 0x098d0000)
  to   space 8704K,   0% used [0x098d0000, 0x098d0000, 0x0a150000)
 tenured generation   total 174784K, used 129628K [0x0a150000, 0x14c00000, 0x14c00000)
   the space 174784K,  74% used [0x0a150000, 0x11fe7198, 0x11fe7200, 0x14c00000)
 Metaspace       used 29980K, capacity 31099K, committed 31232K, reserved 32128K
Event: 308.564 GC heap after
Heap after GC invocations=126 (full 15):
 def new generation   total 78656K, used 1385K [0x04c00000, 0x0a150000, 0x0a150000)
  eden space 69952K,   0% used [0x04c00000, 0x04c00000, 0x09050000)
  from space 8704K,  15% used [0x098d0000, 0x09a2a7e0, 0x0a150000)
  to   space 8704K,   0% used [0x09050000, 0x09050000, 0x098d0000)
 tenured generation   total 174784K, used 129628K [0x0a150000, 0x14c00000, 0x14c00000)
   the space 174784K,  74% used [0x0a150000, 0x11fe7198, 0x11fe7200, 0x14c00000)
 Metaspace       used 29980K, capacity 31099K, committed 31232K, reserved 32128K
}

Deoptimization events (0 events):
No events

Classes redefined (0 events):
No events

Internal exceptions (10 events):
Event: 290.487 Thread 0x15d7f800 Exception <a 'java/io/IOException'> (0x0728b558) thrown at [C:\jenkins\workspace\8-2-build-windows-i586-cygwin\jdk8u271\605\hotspot\src\share\vm\prims\jni.cpp, line 710]
Event: 290.487 Thread 0x15d7f800 Exception <a 'java/io/IOException'> (0x0728bb78) thrown at [C:\jenkins\workspace\8-2-build-windows-i586-cygwin\jdk8u271\605\hotspot\src\share\vm\prims\jni.cpp, line 710]
Event: 308.567 Thread 0x15d7f800 Exception <a 'java/lang/NullPointerException'> (0x04cbac10) thrown at [C:\jenkins\workspace\8-2-build-windows-i586-cygwin\jdk8u271\605\hotspot\src\share\vm\interpreter\linkResolver.cpp, line 1185]
Event: 308.568 Thread 0x15d7f800 Exception <a 'java/lang/NullPointerException'> (0x04d452a8) thrown at [C:\jenkins\workspace\8-2-build-windows-i586-cygwin\jdk8u271\605\hotspot\src\share\vm\interpreter\linkResolver.cpp, line 1185]
Event: 308.611 Thread 0x15d7f800 Exception <a 'java/lang/NullPointerException'> (0x05441538) thrown at [C:\jenkins\workspace\8-2-build-windows-i586-cygwin\jdk8u271\605\hotspot\src\share\vm\interpreter\linkResolver.cpp, line 1185]
Event: 308.611 Thread 0x15d7f800 Exception <a 'java/lang/NullPointerException'> (0x054cbbe0) thrown at [C:\jenkins\workspace\8-2-build-windows-i586-cygwin\jdk8u271\605\hotspot\src\share\vm\interpreter\linkResolver.cpp, line 1185]
Event: 327.209 Thread 0x15d7f800 Exception <a 'java/lang/NullPointerException'> (0x06dae780) thrown at [C:\jenkins\workspace\8-2-build-windows-i586-cygwin\jdk8u271\605\hotspot\src\share\vm\interpreter\linkResolver.cpp, line 1185]
Event: 327.210 Thread 0x15d7f800 Exception <a 'java/lang/NullPointerException'> (0x06e36228) thrown at [C:\jenkins\workspace\8-2-build-windows-i586-cygwin\jdk8u271\605\hotspot\src\share\vm\interpreter\linkResolver.cpp, line 1185]
Event: 327.250 Thread 0x15d7f800 Exception <a 'java/lang/NullPointerException'> (0x0752cf40) thrown at [C:\jenkins\workspace\8-2-build-windows-i586-cygwin\jdk8u271\605\hotspot\src\share\vm\interpreter\linkResolver.cpp, line 1185]
Event: 327.251 Thread 0x15d7f800 Exception <a 'java/lang/NullPointerException'> (0x075b49f0) thrown at [C:\jenkins\workspace\8-2-build-windows-i586-cygwin\jdk8u271\605\hotspot\src\share\vm\interpreter\linkResolver.cpp, line 1185]

Events (10 events):
Event: 507.579 Thread 0x15399000 flushing nmethod 0x03140b88
Event: 507.579 Thread 0x15399000 flushing nmethod 0x03141288
Event: 507.579 Thread 0x15399000 flushing nmethod 0x031417c8
Event: 507.579 Thread 0x15399000 flushing nmethod 0x03142ac8
Event: 507.579 Thread 0x15399000 flushing nmethod 0x03142c88
Event: 507.579 Thread 0x15399000 flushing nmethod 0x03142f08
Event: 507.579 Thread 0x15399000 flushing nmethod 0x031430c8
Event: 507.579 Thread 0x15399000 flushing nmethod 0x03144608
Event: 507.610 loading class com/st/components/swing/AutocompleteComboBox$2
Event: 507.610 loading class com/st/components/swing/AutocompleteComboBox$2 done


Dynamic libraries:
0x00e90000 - 0x00ecf000 	C:\Program Files (x86)\Java\jre1.8.0_271\bin\javaw.exe
0x77600000 - 0x7779a000 	C:\Windows\SYSTEM32\ntdll.dll
0x76680000 - 0x76760000 	C:\Windows\System32\KERNEL32.DLL
0x773f0000 - 0x775ef000 	C:\Windows\System32\KERNELBASE.dll
0x75c60000 - 0x75cdb000 	C:\Windows\System32\ADVAPI32.dll
0x76bd0000 - 0x76c8f000 	C:\Windows\System32\msvcrt.dll
0x767b0000 - 0x76826000 	C:\Windows\System32\sechost.dll
0x74fb0000 - 0x75069000 	C:\Windows\System32\RPCRT4.dll
0x74dc0000 - 0x74de0000 	C:\Windows\System32\SspiCli.dll
0x74db0000 - 0x74dba000 	C:\Windows\System32\CRYPTBASE.dll
0x76c90000 - 0x76cf2000 	C:\Windows\System32\bcryptPrimitives.dll
0x75d80000 - 0x75f17000 	C:\Windows\System32\USER32.dll
0x76860000 - 0x76877000 	C:\Windows\System32\win32u.dll
0x75070000 - 0x75091000 	C:\Windows\System32\GDI32.dll
0x76a30000 - 0x76b8d000 	C:\Windows\System32\gdi32full.dll
0x74f00000 - 0x74f7c000 	C:\Windows\System32\msvcp_win.dll
0x74de0000 - 0x74f00000 	C:\Windows\System32\ucrtbase.dll
0x6e4c0000 - 0x6e6cf000 	C:\Windows\WinSxS\x86_microsoft.windows.common-controls_6595b64144ccf1df_6.0.18362.2274_none_e62d9e7cf8d8667b\COMCTL32.dll
0x75360000 - 0x755d7000 	C:\Windows\System32\combase.dll
0x77250000 - 0x77275000 	C:\Windows\System32\IMM32.DLL
0x61c70000 - 0x61c83000 	C:\Program Files (x86)\Java\jre1.8.0_271\bin\vcruntime140.dll
0x5d1e0000 - 0x5d24f000 	C:\Program Files (x86)\Java\jre1.8.0_271\bin\msvcp140.dll
0x5bc50000 - 0x5c02f000 	C:\Program Files (x86)\Java\jre1.8.0_271\bin\client\jvm.dll
0x74fa0000 - 0x74fa6000 	C:\Windows\System32\PSAPI.DLL
0x73420000 - 0x73444000 	C:\Windows\SYSTEM32\WINMM.dll
0x74da0000 - 0x74da8000 	C:\Windows\SYSTEM32\VERSION.dll
0x730a0000 - 0x730a8000 	C:\Windows\SYSTEM32\WSOCK32.dll
0x76940000 - 0x7699e000 	C:\Windows\System32\WS2_32.dll
0x73320000 - 0x73343000 	C:\Windows\SYSTEM32\winmmbase.dll
0x76b90000 - 0x76bcb000 	C:\Windows\System32\cfgmgr32.dll
0x75160000 - 0x7516f000 	C:\Windows\System32\kernel.appcore.dll
0x62dd0000 - 0x62ddd000 	C:\Program Files (x86)\Java\jre1.8.0_271\bin\verify.dll
0x61c40000 - 0x61c64000 	C:\Program Files (x86)\Java\jre1.8.0_271\bin\java.dll
0x5d1c0000 - 0x5d1d4000 	C:\Program Files (x86)\Java\jre1.8.0_271\bin\zip.dll
0x760b0000 - 0x7662b000 	C:\Windows\System32\SHELL32.dll
0x755e0000 - 0x75663000 	C:\Windows\System32\shcore.dll
0x75670000 - 0x75c31000 	C:\Windows\System32\windows.storage.dll
0x75c40000 - 0x75c57000 	C:\Windows\System32\profapi.dll
0x75210000 - 0x75253000 	C:\Windows\System32\powrprof.dll
0x76930000 - 0x7693d000 	C:\Windows\System32\UMPDC.dll
0x76630000 - 0x76674000 	C:\Windows\System32\shlwapi.dll
0x76840000 - 0x76853000 	C:\Windows\System32\cryptsp.dll
0x5ca00000 - 0x5cb4b000 	C:\Program Files (x86)\Java\jre1.8.0_271\bin\awt.dll
0x75ce0000 - 0x75d72000 	C:\Windows\System32\OLEAUT32.dll
0x71a10000 - 0x71aaf000 	C:\Windows\SYSTEM32\apphelp.dll
0x72f20000 - 0x72f45000 	C:\Windows\system32\DWMAPI.DLL
0x72f50000 - 0x72fca000 	C:\Windows\system32\uxtheme.dll
0x6ef90000 - 0x6f08f000 	C:\Windows\system32\opengl32.dll
0x6ef50000 - 0x6ef8f000 	C:\Windows\SYSTEM32\GLU32.dll
0x71fd0000 - 0x71fe9000 	C:\Windows\SYSTEM32\dxcore.dll
0x75f20000 - 0x76023000 	C:\Windows\System32\MSCTF.dll
0x76d00000 - 0x76df7000 	C:\Windows\System32\ole32.dll
0x73850000 - 0x7387f000 	C:\Windows\system32\rsaenh.dll
0x74f80000 - 0x74f99000 	C:\Windows\System32\bcrypt.dll
0x74d80000 - 0x74d9e000 	C:\Windows\SYSTEM32\USERENV.dll
0x5d1a0000 - 0x5d1b7000 	C:\Program Files (x86)\Java\jre1.8.0_271\bin\net.dll
0x737d0000 - 0x73822000 	C:\Windows\system32\mswsock.dll
0x746b0000 - 0x746e2000 	C:\Windows\SYSTEM32\IPHLPAPI.DLL
0x76830000 - 0x76837000 	C:\Windows\System32\NSI.dll
0x72470000 - 0x72483000 	C:\Windows\SYSTEM32\dhcpcsvc6.DLL
0x736a0000 - 0x736b5000 	C:\Windows\SYSTEM32\dhcpcsvc.DLL
0x73730000 - 0x737c2000 	C:\Windows\SYSTEM32\DNSAPI.dll
0x5d190000 - 0x5d19f000 	C:\Program Files (x86)\Java\jre1.8.0_271\bin\nio.dll
0x5d150000 - 0x5d18d000 	C:\Program Files (x86)\Java\jre1.8.0_271\bin\fontmanager.dll
0x5d000000 - 0x5d037000 	C:\Program Files (x86)\Java\jre1.8.0_271\bin\t2k.dll
0x17210000 - 0x175d8000 	C:\Program Files (x86)\Sangfor\SSL\ClientComponent\SangforTcp.dll
0x76760000 - 0x767a6000 	C:\Windows\System32\WINTRUST.dll
0x769a0000 - 0x769ae000 	C:\Windows\System32\MSASN1.dll
0x75260000 - 0x7535b000 	C:\Windows\System32\CRYPT32.dll
0x73cf0000 - 0x73e14000 	C:\Windows\SYSTEM32\MFC42.DLL
0x73c80000 - 0x73cf0000 	C:\Windows\SYSTEM32\MSVCP60.dll
0x73e20000 - 0x73fca000 	C:\Windows\SYSTEM32\urlmon.dll
0x73af0000 - 0x73c7f000 	C:\Windows\SYSTEM32\dbghelp.dll
0x746f0000 - 0x74b4b000 	C:\Windows\SYSTEM32\WININET.dll
0x738a0000 - 0x73aca000 	C:\Windows\SYSTEM32\iertutil.dll
0x73ad0000 - 0x73aec000 	C:\Windows\SYSTEM32\srvcli.dll
0x74590000 - 0x7459b000 	C:\Windows\SYSTEM32\netutils.dll
0x17660000 - 0x18440000 	C:\Program Files (x86)\Sangfor\SSL\ClientComponent\SangforNsp.dll
0x736c0000 - 0x736e1000 	C:\Program Files (x86)\Bonjour\mdnsNSP.dll
0x63560000 - 0x63568000 	D:\Multisim\Shared\mDNS Responder\nimdnsNSP.dll
0x730b0000 - 0x73153000 	C:\Windows\WinSxS\x86_microsoft.vc90.crt_1fc8b3b9a1e18e3b_9.0.30729.9619_none_508d9c7abcbd32b6\MSVCR90.dll
0x63550000 - 0x6355b000 	C:\Windows\SYSTEM32\nimdnsResponder.dll
0x72490000 - 0x72498000 	C:\Windows\System32\rasadhlp.dll
0x5d140000 - 0x5d14c000 	C:\Program Files (x86)\Java\jre1.8.0_271\bin\management.dll
0x73880000 - 0x73891000 	C:\Windows\system32\napinsp.dll
0x73830000 - 0x73846000 	C:\Windows\system32\pnrpnsp.dll
0x73720000 - 0x7372b000 	C:\Windows\System32\winrnr.dll
0x73700000 - 0x73716000 	C:\Windows\system32\NLAapi.dll
0x736f0000 - 0x73700000 	C:\Windows\system32\wshbth.dll
0x72540000 - 0x72591000 	C:\Windows\System32\fwpuclnt.dll
0x74b70000 - 0x74bfd000 	C:\Windows\WinSxS\x86_microsoft.windows.common-controls_6595b64144ccf1df_5.82.18362.2274_none_bb61d215ec90f0ee\comctl32.dll
0x76030000 - 0x760b0000 	C:\Windows\System32\clbcatq.dll
0x73350000 - 0x73415000 	C:\Windows\SYSTEM32\PROPSYS.dll
0x5cb50000 - 0x5cb63000 	C:\Windows\system32\NetworkExplorer.dll
0x724b0000 - 0x724c8000 	C:\Windows\SYSTEM32\MPR.dll
0x6be40000 - 0x6be49000 	C:\Windows\System32\drprov.dll
0x72e40000 - 0x72e84000 	C:\Windows\System32\WINSTA.dll
0x6b9d0000 - 0x6b9e2000 	C:\Windows\System32\ntlanman.dll
0x65a60000 - 0x65a79000 	C:\Windows\System32\davclnt.dll
0x6bb10000 - 0x6bb1a000 	C:\Windows\System32\DAVHLPR.dll
0x74570000 - 0x74581000 	C:\Windows\System32\wkscli.dll
0x65a10000 - 0x65a1e000 	C:\Windows\SYSTEM32\cscapi.dll
0x62170000 - 0x621b3000 	C:\Windows\System32\dlnashext.dll
0x5cee0000 - 0x5cf29000 	C:\Windows\System32\PlayToDevice.dll
0x62100000 - 0x6211b000 	C:\Windows\System32\DevDispItemProvider.dll
0x1b020000 - 0x1b027000 	F:\IDM\Internet Download Manager\idmmkb.dll
0x6dc60000 - 0x6dcc2000 	C:\Windows\System32\MMDevApi.dll
0x74090000 - 0x740b3000 	C:\Windows\System32\DEVOBJ.dll
0x5ce50000 - 0x5cedc000 	C:\Windows\system32\wpdshext.dll
0x73450000 - 0x735b9000 	C:\Windows\WinSxS\x86_microsoft.windows.gdiplus_6595b64144ccf1df_1.1.18362.2274_none_17189162536ae049\gdiplus.dll
0x5cb70000 - 0x5cbf3000 	C:\Windows\System32\PortableDeviceApi.dll
0x76e00000 - 0x7724a000 	C:\Windows\System32\SETUPAPI.dll
0x5cfc0000 - 0x5d000000 	C:\Windows\system32\audiodev.dll
0x5c7f0000 - 0x5c9fd000 	C:\Windows\system32\WMVCore.DLL
0x5ce10000 - 0x5ce4d000 	C:\Windows\system32\WMASF.DLL
0x5bb40000 - 0x5bc46000 	C:\Windows\system32\mfperfhelper.dll
0x62de0000 - 0x62deb000 	C:\Windows\SYSTEM32\LINKINFO.dll
0x5bb10000 - 0x5bb39000 	C:\Program Files (x86)\Java\jre1.8.0_271\bin\jpeg.dll
0x6dd90000 - 0x6def9000 	C:\Windows\SYSTEM32\WindowsCodecs.dll
0x6e460000 - 0x6e491000 	C:\Windows\system32\dataexchange.dll
0x6e280000 - 0x6e45e000 	C:\Windows\system32\d3d11.dll
0x6e110000 - 0x6e27a000 	C:\Windows\system32\dcomp.dll
0x70300000 - 0x703c1000 	C:\Windows\system32\dxgi.dll
0x6df20000 - 0x6e103000 	C:\Windows\system32\twinapi.appcore.dll
0x6df00000 - 0x6df1f000 	C:\Windows\system32\RMCLIENT.dll
0x6dd00000 - 0x6dd81000 	C:\Windows\System32\TextInputFramework.dll
0x6f3e0000 - 0x6f63e000 	C:\Windows\System32\CoreUIComponents.dll
0x6f640000 - 0x6f6c9000 	C:\Windows\System32\CoreMessaging.dll

VM Arguments:
java_command: com.st.microxplorer.maingui.STM32CubeMX G:\RM2023\Gimbal_Hero_RM2023_v1.0\Gimbal_Hero_RM2023_v1.0.ioc
java_class_path (initial): D:\CubeMX5.2.1\STM32CubeMX.exe;anything
Launcher Type: SUN_STANDARD

Environment Variables:
PATH=D:\CubeMX5.2.1\;D:\Python\Python38\Scripts\;D:\Python\Python38\;C:\Program Files (x86)\NVIDIA Corporation\PhysX\Common;C:\Program Files (x86)\Common Files\Oracle\Java\javapath;C:\Windows\system32;C:\Windows;C:\Windows\System32\Wbem;C:\Windows\System32\WindowsPowerShell\v1.0\;C:\Windows\System32\OpenSSH\;C:\Program Files (x86)\Microsoft SQL Server\100\Tools\Binn\;C:\Program Files\Microsoft SQL Server\100\Tools\Binn\;C:\Program Files\Microsoft SQL Server\100\DTS\Binn\;D:\Xuggle\bin;C:\Program Files (x86)\Windows Kits\8.1\Windows Performance Toolkit\;D:\SVN\bin;D:\Adams\bin;D:\Program Files\Polyspace\R2021a\runtime\win64;D:\Program Files\Polyspace\R2021a\bin;D:\Program Files\Polyspace\R2021a\polyspace\bin;D:\Program Files\MATLAB\MATLAB Runtime\v99\runtime\win64;C:\Program Files\NVIDIA Corporation\NVIDIA NvDLISR;D:\Python;D:\Python\Scripts;D:\Python\Scripts\;D:\Python\;C:\Users\WaterWalk\AppData\Local\Microsoft\WindowsApps;D:\VSCode\Microsoft VS Code\bin;D:\Latex\texlive\2022\bin\win32;;C:\Program Files (x86)\Java\jre1.8.0_271\bin
USERNAME=WaterWalk
OS=Windows_NT
PROCESSOR_IDENTIFIER=Intel64 Family 6 Model 158 Stepping 10, GenuineIntel



---------------  S Y S T E M  ---------------

OS: Windows 10.0 , 64 bit Build 18362 (10.0.18362.2274)

CPU:total 8 (initial active 8) (4 cores per cpu, 2 threads per core) family 6 model 158 stepping 10, cmov, cx8, fxsr, mmx, sse, sse2, sse3, ssse3, sse4.1, sse4.2, popcnt, avx, avx2, aes, clmul, erms, 3dnowpref, lzcnt, ht, tsc, tscinvbit, bmi1, bmi2, adx

Memory: 4k page, physical 8259892k(2860404k free), swap 17697076k(8392708k free)

vm_info: Java HotSpot(TM) Client VM (25.271-b09) for windows-x86 JRE (1.8.0_271-b09), built on Sep 17 2020 01:51:12 by "" with MS VC++ 15.9 (VS2017)

time: Thu Dec 15 22:49:39 2022
timezone: ?D1¨²¡À¨º¡Á?¨º¡À??
elapsed time: 507.817168 seconds (0d 0h 8m 27s)

